<?xml version="1.0" encoding="UTF-8"?>
<!-- Generated by org.testng.reporters.JUnitXMLReporter -->
<testsuite ignored="0" hostname="Dinesh_Omen" failures="1" tests="7" name="Test" time="62.222" errors="0" timestamp="2023-12-05T17:08:56 IST">
  <testcase classname="TestCases.AccountRegistrationTest" name="test_registration" time="1.093"/>
  <testcase classname="TestCases.TC_002_LoginTest" name="test_Login" time="0.859"/>
  <testcase classname="TestCases.TC_003_LoginDataDrivenTest" name="test_LoginDDT" time="10.609"/>
  <testcase classname="TestCases.TC_003_LoginDataDrivenTest" name="test_LoginDDT" time="10.422"/>
  <testcase classname="TestCases.TC_003_LoginDataDrivenTest" name="test_LoginDDT" time="10.449"/>
  <testcase classname="TestCases.TC_003_LoginDataDrivenTest" name="test_LoginDDT" time="10.431"/>
  <testcase classname="TestCases.TC_003_LoginDataDrivenTest" name="test_LoginDDT" time="10.454">
    <failure type="java.lang.AssertionError" message="expected [true] but found [false]">
      <![CDATA[java.lang.AssertionError: expected [true] but found [false]
at TestCases.TC_003_LoginDataDrivenTest.test_LoginDDT(TC_003_LoginDataDrivenTest.java:34)
at java.base/java.util.ArrayList.forEach(ArrayList.java:1596)
... Removed 29 stack frames]]>
    </failure>
  </testcase> <!-- test_LoginDDT -->
</testsuite> <!-- Test -->
